This file contains any messages produced by compilers while
running configure, to aid debugging if configure makes a mistake.

It was created by BCFtools configure 1.20, which was
generated by GNU Autoconf 2.71.  Invocation command line was

  $ ./configure --with-htslib=/home/bdelolmo/Desktop/RivIndel/bcftools-1.20/htslib-1.20 --disable-plugins --prefix=/home/bdelolmo/Desktop/RivIndel/install_dir

## --------- ##
## Platform. ##
## --------- ##

hostname = gencardio-bdolmo
uname -m = x86_64
uname -r = 6.5.0-35-generic
uname -s = Linux
uname -v = #35~22.04.1-Ubuntu SMP PREEMPT_DYNAMIC Tue May  7 09:00:52 UTC 2

/usr/bin/uname -p = x86_64
/bin/uname -X     = unknown

/bin/arch              = x86_64
/usr/bin/arch -k       = unknown
/usr/convex/getsysinfo = unknown
/usr/bin/hostinfo      = unknown
/bin/machine           = unknown
/usr/bin/oslevel       = unknown
/bin/universe          = unknown

PATH: /home/bdelolmo/.local/bin/
PATH: /usr/local/sbin/
PATH: /usr/local/bin/
PATH: /usr/sbin/
PATH: /usr/bin/
PATH: /sbin/
PATH: /bin/
PATH: /usr/games/
PATH: /usr/local/games/
PATH: /snap/bin/


## ----------- ##
## Core tests. ##
## ----------- ##

configure:2382: checking for gcc
configure:2403: found /usr/bin/gcc
configure:2414: result: gcc
configure:2767: checking for C compiler version
configure:2776: gcc --version >&5
gcc (Ubuntu 11.4.0-1ubuntu1~22.04) 11.4.0
Copyright (C) 2021 Free Software Foundation, Inc.
This is free software; see the source for copying conditions.  There is NO
warranty; not even for MERCHANTABILITY or FITNESS FOR A PARTICULAR PURPOSE.

configure:2787: $? = 0
configure:2776: gcc -v >&5
Using built-in specs.
COLLECT_GCC=gcc
COLLECT_LTO_WRAPPER=/usr/lib/gcc/x86_64-linux-gnu/11/lto-wrapper
OFFLOAD_TARGET_NAMES=nvptx-none:amdgcn-amdhsa
OFFLOAD_TARGET_DEFAULT=1
Target: x86_64-linux-gnu
Configured with: ../src/configure -v --with-pkgversion='Ubuntu 11.4.0-1ubuntu1~22.04' --with-bugurl=file:///usr/share/doc/gcc-11/README.Bugs --enable-languages=c,ada,c++,go,brig,d,fortran,objc,obj-c++,m2 --prefix=/usr --with-gcc-major-version-only --program-suffix=-11 --program-prefix=x86_64-linux-gnu- --enable-shared --enable-linker-build-id --libexecdir=/usr/lib --without-included-gettext --enable-threads=posix --libdir=/usr/lib --enable-nls --enable-bootstrap --enable-clocale=gnu --enable-libstdcxx-debug --enable-libstdcxx-time=yes --with-default-libstdcxx-abi=new --enable-gnu-unique-object --disable-vtable-verify --enable-plugin --enable-default-pie --with-system-zlib --enable-libphobos-checking=release --with-target-system-zlib=auto --enable-objc-gc=auto --enable-multiarch --disable-werror --enable-cet --with-arch-32=i686 --with-abi=m64 --with-multilib-list=m32,m64,mx32 --enable-multilib --with-tune=generic --enable-offload-targets=nvptx-none=/build/gcc-11-XeT9lY/gcc-11-11.4.0/debian/tmp-nvptx/usr,amdgcn-amdhsa=/build/gcc-11-XeT9lY/gcc-11-11.4.0/debian/tmp-gcn/usr --without-cuda-driver --enable-checking=release --build=x86_64-linux-gnu --host=x86_64-linux-gnu --target=x86_64-linux-gnu --with-build-config=bootstrap-lto-lean --enable-link-serialization=2
Thread model: posix
Supported LTO compression algorithms: zlib zstd
gcc version 11.4.0 (Ubuntu 11.4.0-1ubuntu1~22.04) 
... rest of stderr output deleted ...
configure:2787: $? = 0
configure:2776: gcc -V >&5
gcc: error: unrecognized command-line option '-V'
gcc: fatal error: no input files
compilation terminated.
configure:2787: $? = 1
configure:2776: gcc -qversion >&5
gcc: error: unrecognized command-line option '-qversion'; did you mean '--version'?
gcc: fatal error: no input files
compilation terminated.
configure:2787: $? = 1
configure:2776: gcc -version >&5
gcc: error: unrecognized command-line option '-version'
gcc: fatal error: no input files
compilation terminated.
configure:2787: $? = 1
configure:2807: checking whether the C compiler works
configure:2829: gcc -I/home/bdelolmo/Desktop/RivIndel/install_dir/include  -L/home/bdelolmo/Desktop/RivIndel/install_dir/lib conftest.c  >&5
configure:2833: $? = 0
configure:2883: result: yes
configure:2886: checking for C compiler default output file name
configure:2888: result: a.out
configure:2894: checking for suffix of executables
configure:2901: gcc -o conftest -I/home/bdelolmo/Desktop/RivIndel/install_dir/include  -L/home/bdelolmo/Desktop/RivIndel/install_dir/lib conftest.c  >&5
configure:2905: $? = 0
configure:2928: result: 
configure:2950: checking whether we are cross compiling
configure:2958: gcc -o conftest -I/home/bdelolmo/Desktop/RivIndel/install_dir/include  -L/home/bdelolmo/Desktop/RivIndel/install_dir/lib conftest.c  >&5
configure:2962: $? = 0
configure:2969: ./conftest
configure:2973: $? = 0
configure:2988: result: no
configure:2993: checking for suffix of object files
configure:3016: gcc -c -I/home/bdelolmo/Desktop/RivIndel/install_dir/include  conftest.c >&5
configure:3020: $? = 0
configure:3042: result: o
configure:3046: checking whether the compiler supports GNU C
configure:3066: gcc -c -I/home/bdelolmo/Desktop/RivIndel/install_dir/include  conftest.c >&5
configure:3066: $? = 0
configure:3076: result: yes
configure:3087: checking whether gcc accepts -g
configure:3108: gcc -c -g  conftest.c >&5
configure:3108: $? = 0
configure:3152: result: yes
configure:3172: checking for gcc option to enable C11 features
configure:3187: gcc  -c -I/home/bdelolmo/Desktop/RivIndel/install_dir/include  conftest.c >&5
configure:3187: $? = 0
configure:3205: result: none needed
configure:3316: checking for grep that handles long lines and -e
configure:3380: result: /usr/bin/grep
configure:3408: checking for C compiler warning flags
configure:3541: result: -Wall
configure:3644: checking for special C compiler options needed for large files
configure:3692: result: no
configure:3698: checking for _FILE_OFFSET_BITS value needed for large files
configure:3724: gcc -c  -Wall -I/home/bdelolmo/Desktop/RivIndel/install_dir/include  conftest.c >&5
configure:3724: $? = 0
configure:3758: result: no
configure:4154: checking shared library type
configure:4184: result: plain .so
configure:4198: checking for library containing dlopen
configure:4228: gcc -o conftest  -Wall -I/home/bdelolmo/Desktop/RivIndel/install_dir/include  -L/home/bdelolmo/Desktop/RivIndel/install_dir/lib conftest.c  >&5
configure:4228: $? = 0
configure:4248: result: none required
configure:4331: checking if the compiler accepts -rdynamic
configure:4346: gcc -o conftest  -Wall -I/home/bdelolmo/Desktop/RivIndel/install_dir/include -rdynamic  -L/home/bdelolmo/Desktop/RivIndel/install_dir/lib conftest.c  >&5
configure:4346: $? = 0
configure:4355: result: yes
configure:4368: checking for zlib.h
configure:4368: gcc -c  -Wall -I/home/bdelolmo/Desktop/RivIndel/install_dir/include  conftest.c >&5
configure:4368: $? = 0
configure:4368: result: yes
configure:4377: checking for inflate in -lz
configure:4400: gcc -o conftest  -Wall -I/home/bdelolmo/Desktop/RivIndel/install_dir/include  -L/home/bdelolmo/Desktop/RivIndel/install_dir/lib conftest.c -lz   >&5
configure:4400: $? = 0
configure:4410: result: yes
configure:4730: checking for library containing regcomp
configure:4760: gcc -o conftest  -Wall -I/home/bdelolmo/Desktop/RivIndel/install_dir/include  -L/home/bdelolmo/Desktop/RivIndel/install_dir/lib conftest.c  >&5
configure:4760: $? = 0
configure:4780: result: none required
configure:4911: creating ./config.status

## ---------------------- ##
## Running config.status. ##
## ---------------------- ##

This file was extended by BCFtools config.status 1.20, which was
generated by GNU Autoconf 2.71.  Invocation command line was

  CONFIG_FILES    = 
  CONFIG_HEADERS  = 
  CONFIG_LINKS    = 
  CONFIG_COMMANDS = 
  $ ./config.status 

on gencardio-bdolmo

config.status:801: creating config.mk
config.status:801: creating config.h
config.status:971: config.h is unchanged

## ---------------- ##
## Cache variables. ##
## ---------------- ##

ac_cv_c_compiler_gnu=yes
ac_cv_env_CC_set=
ac_cv_env_CC_value=
ac_cv_env_CFLAGS_set=set
ac_cv_env_CFLAGS_value=-I/home/bdelolmo/Desktop/RivIndel/install_dir/include
ac_cv_env_CPPFLAGS_set=
ac_cv_env_CPPFLAGS_value=
ac_cv_env_LDFLAGS_set=set
ac_cv_env_LDFLAGS_value=-L/home/bdelolmo/Desktop/RivIndel/install_dir/lib
ac_cv_env_LIBS_set=
ac_cv_env_LIBS_value=
ac_cv_env_build_alias_set=
ac_cv_env_build_alias_value=
ac_cv_env_host_alias_set=
ac_cv_env_host_alias_value=
ac_cv_env_target_alias_set=
ac_cv_env_target_alias_value=
ac_cv_header_zlib_h=yes
ac_cv_lib_z_inflate=yes
ac_cv_objext=o
ac_cv_path_GREP=/usr/bin/grep
ac_cv_prog_ac_ct_CC=gcc
ac_cv_prog_cc_c11=
ac_cv_prog_cc_g=yes
ac_cv_prog_cc_stdc=
ac_cv_search_dlopen='none required'
ac_cv_search_regcomp='none required'
ac_cv_sys_file_offset_bits=no
ac_cv_sys_largefile_CC=no
ax_cv_htslib=yes
ax_cv_htslib_which=source
hts_cv_prog_cc_warnings=-Wall

## ----------------- ##
## Output variables. ##
## ----------------- ##

CC='gcc'
CC_RDYNAMIC_OPT='-rdynamic'
CFLAGS=' -Wall -I/home/bdelolmo/Desktop/RivIndel/install_dir/include'
CPPFLAGS=''
DEFS='-DHAVE_CONFIG_H'
ECHO_C=''
ECHO_N='-n'
ECHO_T=''
EXEEXT=''
GREP='/usr/bin/grep'
GSL_LIBS=''
HTSDIR='/home/bdelolmo/Desktop/RivIndel/bcftools-1.20/htslib-1.20'
HTSLIB_CPPFLAGS='-I/home/bdelolmo/Desktop/RivIndel/bcftools-1.20/htslib-1.20'
HTSLIB_DLL=''
HTSLIB_LDFLAGS='-L/home/bdelolmo/Desktop/RivIndel/bcftools-1.20/htslib-1.20'
Hinstall='#'
Hsource=''
LDFLAGS='-L/home/bdelolmo/Desktop/RivIndel/install_dir/lib'
LIBOBJS=''
LIBS=''
LTLIBOBJS=''
OBJEXT='o'
PACKAGE_BUGREPORT='samtools-help@lists.sourceforge.net'
PACKAGE_NAME='BCFtools'
PACKAGE_STRING='BCFtools 1.20'
PACKAGE_TARNAME='bcftools'
PACKAGE_URL='http://www.htslib.org/'
PACKAGE_VERSION='1.20'
PATH_SEPARATOR=':'
PERL_CCOPTS=''
PERL_LIBS=''
PLATFORM='default'
PLUGIN_EXT='.so'
SHELL='/bin/bash'
USE_GPL=''
ac_ct_CC='gcc'
bcf_plugindir='$(libexecdir)/bcftools'
bcf_pluginpath='$(libexecdir)/bcftools'
bindir='${exec_prefix}/bin'
build_alias=''
datadir='${datarootdir}'
datarootdir='${prefix}/share'
docdir='${datarootdir}/doc/${PACKAGE_TARNAME}'
dvidir='${docdir}'
enable_bcftools_plugins='yes'
enable_perl_filters='no'
exec_prefix='${prefix}'
host_alias='unknown-Linux'
htmldir='${docdir}'
includedir='${prefix}/include'
infodir='${datarootdir}/info'
libdir='${exec_prefix}/lib'
libexecdir='${exec_prefix}/libexec'
localedir='${datarootdir}/locale'
localstatedir='${prefix}/var'
mandir='${datarootdir}/man'
oldincludedir='/usr/include'
pdfdir='${docdir}'
prefix='/home/bdelolmo/Desktop/RivIndel/install_dir'
program_transform_name='s,x,x,'
psdir='${docdir}'
runstatedir='${localstatedir}/run'
sbindir='${exec_prefix}/sbin'
sharedstatedir='${prefix}/com'
subdirs=''
sysconfdir='${prefix}/etc'
target_alias=''

## ----------- ##
## confdefs.h. ##
## ----------- ##

/* confdefs.h */
#define PACKAGE_NAME "BCFtools"
#define PACKAGE_TARNAME "bcftools"
#define PACKAGE_VERSION "1.20"
#define PACKAGE_STRING "BCFtools 1.20"
#define PACKAGE_BUGREPORT "samtools-help@lists.sourceforge.net"
#define PACKAGE_URL "http://www.htslib.org/"
#define PLUGIN_EXT ".so"
#define ENABLE_BCF_PLUGINS 1
#define HAVE_LIBZ 1

configure: exit 0
