This file contains any messages produced by compilers while
running configure, to aid debugging if configure makes a mistake.

It was created by seqkit configure 1.0, which was
generated by GNU Autoconf 2.69.  Invocation command line was

  $ ./configure 

## --------- ##
## Platform. ##
## --------- ##

hostname = gencardio-bdolmo
uname -m = x86_64
uname -r = 6.5.0-18-generic
uname -s = Linux
uname -v = #18~22.04.1-Ubuntu SMP PREEMPT_DYNAMIC Wed Feb  7 11:40:03 UTC 2

/usr/bin/uname -p = x86_64
/bin/uname -X     = unknown

/bin/arch              = x86_64
/usr/bin/arch -k       = unknown
/usr/convex/getsysinfo = unknown
/usr/bin/hostinfo      = unknown
/bin/machine           = unknown
/usr/bin/oslevel       = unknown
/bin/universe          = unknown

PATH: /home/bdelolmo/.local/bin
PATH: /usr/local/sbin
PATH: /usr/local/bin
PATH: /usr/sbin
PATH: /usr/bin
PATH: /sbin
PATH: /bin
PATH: /usr/games
PATH: /usr/local/games
PATH: /snap/bin


## ----------- ##
## Core tests. ##
## ----------- ##

configure:2182: checking for a BSD-compatible install
configure:2250: result: /usr/bin/install -c
configure:2261: checking whether build environment is sane
configure:2316: result: yes
configure:2354: WARNING: 'missing' script is too old or missing
configure:2467: checking for a thread-safe mkdir -p
configure:2506: result: /usr/bin/mkdir -p
configure:2513: checking for gawk
configure:2543: result: no
configure:2513: checking for mawk
configure:2529: found /usr/bin/mawk
configure:2540: result: mawk
configure:2551: checking whether make sets $(MAKE)
configure:2573: result: yes
configure:2602: checking whether make supports nested variables
configure:2619: result: yes
configure:2749: checking whether to enable maintainer-specific portions of Makefiles
configure:2758: result: no
configure:2832: checking for g++
configure:2848: found /usr/bin/g++
configure:2859: result: g++
configure:2886: checking for C++ compiler version
configure:2895: g++ --version >&5
g++ (Ubuntu 11.4.0-1ubuntu1~22.04) 11.4.0
Copyright (C) 2021 Free Software Foundation, Inc.
This is free software; see the source for copying conditions.  There is NO
warranty; not even for MERCHANTABILITY or FITNESS FOR A PARTICULAR PURPOSE.

configure:2906: $? = 0
configure:2895: g++ -v >&5
Using built-in specs.
COLLECT_GCC=g++
COLLECT_LTO_WRAPPER=/usr/lib/gcc/x86_64-linux-gnu/11/lto-wrapper
OFFLOAD_TARGET_NAMES=nvptx-none:amdgcn-amdhsa
OFFLOAD_TARGET_DEFAULT=1
Target: x86_64-linux-gnu
Configured with: ../src/configure -v --with-pkgversion='Ubuntu 11.4.0-1ubuntu1~22.04' --with-bugurl=file:///usr/share/doc/gcc-11/README.Bugs --enable-languages=c,ada,c++,go,brig,d,fortran,objc,obj-c++,m2 --prefix=/usr --with-gcc-major-version-only --program-suffix=-11 --program-prefix=x86_64-linux-gnu- --enable-shared --enable-linker-build-id --libexecdir=/usr/lib --without-included-gettext --enable-threads=posix --libdir=/usr/lib --enable-nls --enable-bootstrap --enable-clocale=gnu --enable-libstdcxx-debug --enable-libstdcxx-time=yes --with-default-libstdcxx-abi=new --enable-gnu-unique-object --disable-vtable-verify --enable-plugin --enable-default-pie --with-system-zlib --enable-libphobos-checking=release --with-target-system-zlib=auto --enable-objc-gc=auto --enable-multiarch --disable-werror --enable-cet --with-arch-32=i686 --with-abi=m64 --with-multilib-list=m32,m64,mx32 --enable-multilib --with-tune=generic --enable-offload-targets=nvptx-none=/build/gcc-11-XeT9lY/gcc-11-11.4.0/debian/tmp-nvptx/usr,amdgcn-amdhsa=/build/gcc-11-XeT9lY/gcc-11-11.4.0/debian/tmp-gcn/usr --without-cuda-driver --enable-checking=release --build=x86_64-linux-gnu --host=x86_64-linux-gnu --target=x86_64-linux-gnu --with-build-config=bootstrap-lto-lean --enable-link-serialization=2
Thread model: posix
Supported LTO compression algorithms: zlib zstd
gcc version 11.4.0 (Ubuntu 11.4.0-1ubuntu1~22.04) 
... rest of stderr output deleted ...
configure:2906: $? = 0
configure:2895: g++ -V >&5
g++: error: unrecognized command-line option '-V'
g++: fatal error: no input files
compilation terminated.
configure:2906: $? = 1
configure:2895: g++ -qversion >&5
g++: error: unrecognized command-line option '-qversion'; did you mean '--version'?
g++: fatal error: no input files
compilation terminated.
configure:2906: $? = 1
configure:2926: checking whether the C++ compiler works
configure:2948: g++    conftest.cpp  >&5
configure:2952: $? = 0
configure:3000: result: yes
configure:3003: checking for C++ compiler default output file name
configure:3005: result: a.out
configure:3011: checking for suffix of executables
configure:3018: g++ -o conftest    conftest.cpp  >&5
configure:3022: $? = 0
configure:3044: result: 
configure:3066: checking whether we are cross compiling
configure:3074: g++ -o conftest    conftest.cpp  >&5
configure:3078: $? = 0
configure:3085: ./conftest
configure:3089: $? = 0
configure:3104: result: no
configure:3109: checking for suffix of object files
configure:3131: g++ -c   conftest.cpp >&5
configure:3135: $? = 0
configure:3156: result: o
configure:3160: checking whether we are using the GNU C++ compiler
configure:3179: g++ -c   conftest.cpp >&5
configure:3179: $? = 0
configure:3188: result: yes
configure:3197: checking whether g++ accepts -g
configure:3217: g++ -c -g  conftest.cpp >&5
configure:3217: $? = 0
configure:3258: result: yes
configure:3292: checking for style of include used by make
configure:3320: result: GNU
configure:3346: checking dependency style of g++
configure:3457: result: gcc3
configure:3520: checking for gcc
configure:3536: found /usr/bin/gcc
configure:3547: result: gcc
configure:3776: checking for C compiler version
configure:3785: gcc --version >&5
gcc (Ubuntu 11.4.0-1ubuntu1~22.04) 11.4.0
Copyright (C) 2021 Free Software Foundation, Inc.
This is free software; see the source for copying conditions.  There is NO
warranty; not even for MERCHANTABILITY or FITNESS FOR A PARTICULAR PURPOSE.

configure:3796: $? = 0
configure:3785: gcc -v >&5
Using built-in specs.
COLLECT_GCC=gcc
COLLECT_LTO_WRAPPER=/usr/lib/gcc/x86_64-linux-gnu/11/lto-wrapper
OFFLOAD_TARGET_NAMES=nvptx-none:amdgcn-amdhsa
OFFLOAD_TARGET_DEFAULT=1
Target: x86_64-linux-gnu
Configured with: ../src/configure -v --with-pkgversion='Ubuntu 11.4.0-1ubuntu1~22.04' --with-bugurl=file:///usr/share/doc/gcc-11/README.Bugs --enable-languages=c,ada,c++,go,brig,d,fortran,objc,obj-c++,m2 --prefix=/usr --with-gcc-major-version-only --program-suffix=-11 --program-prefix=x86_64-linux-gnu- --enable-shared --enable-linker-build-id --libexecdir=/usr/lib --without-included-gettext --enable-threads=posix --libdir=/usr/lib --enable-nls --enable-bootstrap --enable-clocale=gnu --enable-libstdcxx-debug --enable-libstdcxx-time=yes --with-default-libstdcxx-abi=new --enable-gnu-unique-object --disable-vtable-verify --enable-plugin --enable-default-pie --with-system-zlib --enable-libphobos-checking=release --with-target-system-zlib=auto --enable-objc-gc=auto --enable-multiarch --disable-werror --enable-cet --with-arch-32=i686 --with-abi=m64 --with-multilib-list=m32,m64,mx32 --enable-multilib --with-tune=generic --enable-offload-targets=nvptx-none=/build/gcc-11-XeT9lY/gcc-11-11.4.0/debian/tmp-nvptx/usr,amdgcn-amdhsa=/build/gcc-11-XeT9lY/gcc-11-11.4.0/debian/tmp-gcn/usr --without-cuda-driver --enable-checking=release --build=x86_64-linux-gnu --host=x86_64-linux-gnu --target=x86_64-linux-gnu --with-build-config=bootstrap-lto-lean --enable-link-serialization=2
Thread model: posix
Supported LTO compression algorithms: zlib zstd
gcc version 11.4.0 (Ubuntu 11.4.0-1ubuntu1~22.04) 
... rest of stderr output deleted ...
configure:3796: $? = 0
configure:3785: gcc -V >&5
gcc: error: unrecognized command-line option '-V'
gcc: fatal error: no input files
compilation terminated.
configure:3796: $? = 1
configure:3785: gcc -qversion >&5
gcc: error: unrecognized command-line option '-qversion'; did you mean '--version'?
gcc: fatal error: no input files
compilation terminated.
configure:3796: $? = 1
configure:3800: checking whether we are using the GNU C compiler
configure:3819: gcc -c   conftest.c >&5
configure:3819: $? = 0
configure:3828: result: yes
configure:3837: checking whether gcc accepts -g
configure:3857: gcc -c -g  conftest.c >&5
configure:3857: $? = 0
configure:3898: result: yes
configure:3915: checking for gcc option to accept ISO C89
configure:3978: gcc  -c -g -O2  conftest.c >&5
configure:3978: $? = 0
configure:3991: result: none needed
configure:4016: checking whether gcc understands -c and -o together
configure:4038: gcc -c conftest.c -o conftest2.o
configure:4041: $? = 0
configure:4038: gcc -c conftest.c -o conftest2.o
configure:4041: $? = 0
configure:4053: result: yes
configure:4072: checking dependency style of gcc
configure:4183: result: gcc3
configure:4241: checking for ranlib
configure:4257: found /usr/bin/ranlib
configure:4268: result: ranlib
configure:4304: checking how to run the C++ preprocessor
configure:4331: g++ -E  conftest.cpp
configure:4331: $? = 0
configure:4345: g++ -E  conftest.cpp
conftest.cpp:11:10: fatal error: ac_nonexistent.h: No such file or directory
   11 | #include <ac_nonexistent.h>
      |          ^~~~~~~~~~~~~~~~~~
compilation terminated.
configure:4345: $? = 1
configure: failed program was:
| /* confdefs.h */
| #define PACKAGE_NAME "seqkit"
| #define PACKAGE_TARNAME "seqkit"
| #define PACKAGE_VERSION "1.0"
| #define PACKAGE_STRING "seqkit 1.0"
| #define PACKAGE_BUGREPORT "jwala@broadinstitute.org"
| #define PACKAGE_URL ""
| #define PACKAGE "seqkit"
| #define VERSION "1.0"
| /* end confdefs.h.  */
| #include <ac_nonexistent.h>
configure:4370: result: g++ -E
configure:4390: g++ -E  conftest.cpp
configure:4390: $? = 0
configure:4404: g++ -E  conftest.cpp
conftest.cpp:11:10: fatal error: ac_nonexistent.h: No such file or directory
   11 | #include <ac_nonexistent.h>
      |          ^~~~~~~~~~~~~~~~~~
compilation terminated.
configure:4404: $? = 1
configure: failed program was:
| /* confdefs.h */
| #define PACKAGE_NAME "seqkit"
| #define PACKAGE_TARNAME "seqkit"
| #define PACKAGE_VERSION "1.0"
| #define PACKAGE_STRING "seqkit 1.0"
| #define PACKAGE_BUGREPORT "jwala@broadinstitute.org"
| #define PACKAGE_URL ""
| #define PACKAGE "seqkit"
| #define VERSION "1.0"
| /* end confdefs.h.  */
| #include <ac_nonexistent.h>
configure:4433: checking for grep that handles long lines and -e
configure:4491: result: /usr/bin/grep
configure:4496: checking for egrep
configure:4558: result: /usr/bin/grep -E
configure:4563: checking for ANSI C header files
configure:4583: g++ -c -g -O2  conftest.cpp >&5
configure:4583: $? = 0
configure:4656: g++ -o conftest -g -O2   conftest.cpp  >&5
configure:4656: $? = 0
configure:4656: ./conftest
configure:4656: $? = 0
configure:4667: result: yes
configure:4680: checking for sys/types.h
configure:4680: g++ -c -g -O2  conftest.cpp >&5
configure:4680: $? = 0
configure:4680: result: yes
configure:4680: checking for sys/stat.h
configure:4680: g++ -c -g -O2  conftest.cpp >&5
configure:4680: $? = 0
configure:4680: result: yes
configure:4680: checking for stdlib.h
configure:4680: g++ -c -g -O2  conftest.cpp >&5
configure:4680: $? = 0
configure:4680: result: yes
configure:4680: checking for string.h
configure:4680: g++ -c -g -O2  conftest.cpp >&5
configure:4680: $? = 0
configure:4680: result: yes
configure:4680: checking for memory.h
configure:4680: g++ -c -g -O2  conftest.cpp >&5
configure:4680: $? = 0
configure:4680: result: yes
configure:4680: checking for strings.h
configure:4680: g++ -c -g -O2  conftest.cpp >&5
configure:4680: $? = 0
configure:4680: result: yes
configure:4680: checking for inttypes.h
configure:4680: g++ -c -g -O2  conftest.cpp >&5
configure:4680: $? = 0
configure:4680: result: yes
configure:4680: checking for stdint.h
configure:4680: g++ -c -g -O2  conftest.cpp >&5
configure:4680: $? = 0
configure:4680: result: yes
configure:4680: checking for unistd.h
configure:4680: g++ -c -g -O2  conftest.cpp >&5
configure:4680: $? = 0
configure:4680: result: yes
configure:4692: checking zlib.h usability
configure:4692: g++ -c -g -O2  conftest.cpp >&5
configure:4692: $? = 0
configure:4692: result: yes
configure:4692: checking zlib.h presence
configure:4692: g++ -E  conftest.cpp
configure:4692: $? = 0
configure:4692: result: yes
configure:4692: checking for zlib.h
configure:4692: result: yes
configure:4700: checking for library containing gzopen
configure:4731: g++ -o conftest -g -O2   conftest.cpp  >&5
/usr/bin/ld: /tmp/ccy4Fhwq.o: in function `main':
/home/bdelolmo/Desktop/RivIndel2/SeqLib/conftest.cpp:32: undefined reference to `gzopen'
collect2: error: ld returned 1 exit status
configure:4731: $? = 1
configure: failed program was:
| /* confdefs.h */
| #define PACKAGE_NAME "seqkit"
| #define PACKAGE_TARNAME "seqkit"
| #define PACKAGE_VERSION "1.0"
| #define PACKAGE_STRING "seqkit 1.0"
| #define PACKAGE_BUGREPORT "jwala@broadinstitute.org"
| #define PACKAGE_URL ""
| #define PACKAGE "seqkit"
| #define VERSION "1.0"
| #define STDC_HEADERS 1
| #define HAVE_SYS_TYPES_H 1
| #define HAVE_SYS_STAT_H 1
| #define HAVE_STDLIB_H 1
| #define HAVE_STRING_H 1
| #define HAVE_MEMORY_H 1
| #define HAVE_STRINGS_H 1
| #define HAVE_INTTYPES_H 1
| #define HAVE_STDINT_H 1
| #define HAVE_UNISTD_H 1
| /* end confdefs.h.  */
| 
| /* Override any GCC internal prototype to avoid an error.
|    Use char because int might match the return type of a GCC
|    builtin and then its argument prototype would still apply.  */
| #ifdef __cplusplus
| extern "C"
| #endif
| char gzopen ();
| int
| main ()
| {
| return gzopen ();
|   ;
|   return 0;
| }
configure:4731: g++ -o conftest -g -O2   conftest.cpp -lz   >&5
configure:4731: $? = 0
configure:4748: result: -lz
configure:4758: checking for library containing lzma_code
configure:4789: g++ -o conftest -g -O2   conftest.cpp -lz  >&5
/usr/bin/ld: /tmp/ccBwmBoA.o: in function `main':
/home/bdelolmo/Desktop/RivIndel2/SeqLib/conftest.cpp:32: undefined reference to `lzma_code'
collect2: error: ld returned 1 exit status
configure:4789: $? = 1
configure: failed program was:
| /* confdefs.h */
| #define PACKAGE_NAME "seqkit"
| #define PACKAGE_TARNAME "seqkit"
| #define PACKAGE_VERSION "1.0"
| #define PACKAGE_STRING "seqkit 1.0"
| #define PACKAGE_BUGREPORT "jwala@broadinstitute.org"
| #define PACKAGE_URL ""
| #define PACKAGE "seqkit"
| #define VERSION "1.0"
| #define STDC_HEADERS 1
| #define HAVE_SYS_TYPES_H 1
| #define HAVE_SYS_STAT_H 1
| #define HAVE_STDLIB_H 1
| #define HAVE_STRING_H 1
| #define HAVE_MEMORY_H 1
| #define HAVE_STRINGS_H 1
| #define HAVE_INTTYPES_H 1
| #define HAVE_STDINT_H 1
| #define HAVE_UNISTD_H 1
| /* end confdefs.h.  */
| 
| /* Override any GCC internal prototype to avoid an error.
|    Use char because int might match the return type of a GCC
|    builtin and then its argument prototype would still apply.  */
| #ifdef __cplusplus
| extern "C"
| #endif
| char lzma_code ();
| int
| main ()
| {
| return lzma_code ();
|   ;
|   return 0;
| }
configure:4789: g++ -o conftest -g -O2   conftest.cpp -llzma  -lz  >&5
configure:4789: $? = 0
configure:4806: result: -llzma
configure:4816: checking for library containing BZ2_bzBuffToBuffDecompress
configure:4847: g++ -o conftest -g -O2   conftest.cpp -llzma -lz  >&5
/usr/bin/ld: /tmp/ccnFaVTg.o: in function `main':
/home/bdelolmo/Desktop/RivIndel2/SeqLib/conftest.cpp:32: undefined reference to `BZ2_bzBuffToBuffDecompress'
collect2: error: ld returned 1 exit status
configure:4847: $? = 1
configure: failed program was:
| /* confdefs.h */
| #define PACKAGE_NAME "seqkit"
| #define PACKAGE_TARNAME "seqkit"
| #define PACKAGE_VERSION "1.0"
| #define PACKAGE_STRING "seqkit 1.0"
| #define PACKAGE_BUGREPORT "jwala@broadinstitute.org"
| #define PACKAGE_URL ""
| #define PACKAGE "seqkit"
| #define VERSION "1.0"
| #define STDC_HEADERS 1
| #define HAVE_SYS_TYPES_H 1
| #define HAVE_SYS_STAT_H 1
| #define HAVE_STDLIB_H 1
| #define HAVE_STRING_H 1
| #define HAVE_MEMORY_H 1
| #define HAVE_STRINGS_H 1
| #define HAVE_INTTYPES_H 1
| #define HAVE_STDINT_H 1
| #define HAVE_UNISTD_H 1
| /* end confdefs.h.  */
| 
| /* Override any GCC internal prototype to avoid an error.
|    Use char because int might match the return type of a GCC
|    builtin and then its argument prototype would still apply.  */
| #ifdef __cplusplus
| extern "C"
| #endif
| char BZ2_bzBuffToBuffDecompress ();
| int
| main ()
| {
| return BZ2_bzBuffToBuffDecompress ();
|   ;
|   return 0;
| }
configure:4847: g++ -o conftest -g -O2   conftest.cpp -lbz2  -llzma -lz  >&5
configure:4847: $? = 0
configure:4864: result: -lbz2
configure:4874: checking for library containing clock_gettime
configure:4905: g++ -o conftest -g -O2   conftest.cpp -lbz2 -llzma -lz  >&5
configure:4905: $? = 0
configure:4922: result: none required
configure:5064: checking that generated files are newer than configure
configure:5070: result: done
configure:5101: creating ./config.status

## ---------------------- ##
## Running config.status. ##
## ---------------------- ##

This file was extended by seqkit config.status 1.0, which was
generated by GNU Autoconf 2.69.  Invocation command line was

  CONFIG_FILES    = 
  CONFIG_HEADERS  = 
  CONFIG_LINKS    = 
  CONFIG_COMMANDS = 
  $ ./config.status 

on gencardio-bdolmo

config.status:866: creating Makefile
config.status:866: creating src/Makefile
config.status:866: creating src/seqtools/Makefile
config.status:866: creating config.h
config.status:1047: config.h is unchanged
config.status:1095: executing depfiles commands

## ---------------- ##
## Cache variables. ##
## ---------------- ##

ac_cv_c_compiler_gnu=yes
ac_cv_cxx_compiler_gnu=yes
ac_cv_env_CCC_set=
ac_cv_env_CCC_value=
ac_cv_env_CC_set=
ac_cv_env_CC_value=
ac_cv_env_CFLAGS_set=
ac_cv_env_CFLAGS_value=
ac_cv_env_CPPFLAGS_set=
ac_cv_env_CPPFLAGS_value=
ac_cv_env_CXXCPP_set=
ac_cv_env_CXXCPP_value=
ac_cv_env_CXXFLAGS_set=
ac_cv_env_CXXFLAGS_value=
ac_cv_env_CXX_set=
ac_cv_env_CXX_value=
ac_cv_env_LDFLAGS_set=
ac_cv_env_LDFLAGS_value=
ac_cv_env_LIBS_set=
ac_cv_env_LIBS_value=
ac_cv_env_build_alias_set=
ac_cv_env_build_alias_value=
ac_cv_env_host_alias_set=
ac_cv_env_host_alias_value=
ac_cv_env_target_alias_set=
ac_cv_env_target_alias_value=
ac_cv_header_inttypes_h=yes
ac_cv_header_memory_h=yes
ac_cv_header_stdc=yes
ac_cv_header_stdint_h=yes
ac_cv_header_stdlib_h=yes
ac_cv_header_string_h=yes
ac_cv_header_strings_h=yes
ac_cv_header_sys_stat_h=yes
ac_cv_header_sys_types_h=yes
ac_cv_header_unistd_h=yes
ac_cv_header_zlib_h=yes
ac_cv_objext=o
ac_cv_path_EGREP='/usr/bin/grep -E'
ac_cv_path_GREP=/usr/bin/grep
ac_cv_path_install='/usr/bin/install -c'
ac_cv_path_mkdir=/usr/bin/mkdir
ac_cv_prog_AWK=mawk
ac_cv_prog_CXXCPP='g++ -E'
ac_cv_prog_ac_ct_CC=gcc
ac_cv_prog_ac_ct_CXX=g++
ac_cv_prog_ac_ct_RANLIB=ranlib
ac_cv_prog_cc_c89=
ac_cv_prog_cc_g=yes
ac_cv_prog_cxx_g=yes
ac_cv_prog_make_make_set=yes
ac_cv_search_BZ2_bzBuffToBuffDecompress=-lbz2
ac_cv_search_clock_gettime='none required'
ac_cv_search_gzopen=-lz
ac_cv_search_lzma_code=-llzma
am_cv_CC_dependencies_compiler_type=gcc3
am_cv_CXX_dependencies_compiler_type=gcc3
am_cv_make_support_nested_variables=yes
am_cv_prog_cc_c_o=yes

## ----------------- ##
## Output variables. ##
## ----------------- ##

ACLOCAL='aclocal-1.15'
AMDEPBACKSLASH='\'
AMDEP_FALSE='#'
AMDEP_TRUE=''
AMTAR='$${TAR-tar}'
AM_BACKSLASH='\'
AM_CXXFLAGS='-g  -Wno-unknown-pragmas'
AM_DEFAULT_V='$(AM_DEFAULT_VERBOSITY)'
AM_DEFAULT_VERBOSITY='1'
AM_V='$(V)'
AUTOCONF='autoconf'
AUTOHEADER='autoheader'
AUTOMAKE='automake-1.15'
AWK='mawk'
CC='gcc'
CCDEPMODE='depmode=gcc3'
CFLAGS='-g -O2'
CPPFLAGS=''
CXX='g++'
CXXCPP='g++ -E'
CXXDEPMODE='depmode=gcc3'
CXXFLAGS='-g -O2'
CYGPATH_W='echo'
DEFS='-DHAVE_CONFIG_H'
DEPDIR='.deps'
ECHO_C=''
ECHO_N='-n'
ECHO_T=''
EGREP='/usr/bin/grep -E'
EXEEXT=''
GREP='/usr/bin/grep'
INSTALL_DATA='${INSTALL} -m 644'
INSTALL_PROGRAM='${INSTALL}'
INSTALL_SCRIPT='${INSTALL}'
INSTALL_STRIP_PROGRAM='$(install_sh) -c -s'
LDFLAGS=''
LIBOBJS=''
LIBS='-lbz2 -llzma -lz  -pthread'
LTLIBOBJS=''
MAINT='#'
MAINTAINER_MODE_FALSE=''
MAINTAINER_MODE_TRUE='#'
MAKEINFO='makeinfo'
MKDIR_P='/usr/bin/mkdir -p'
OBJEXT='o'
PACKAGE='seqkit'
PACKAGE_BUGREPORT='jwala@broadinstitute.org'
PACKAGE_NAME='seqkit'
PACKAGE_STRING='seqkit 1.0'
PACKAGE_TARNAME='seqkit'
PACKAGE_URL=''
PACKAGE_VERSION='1.0'
PATH_SEPARATOR=':'
RANLIB='ranlib'
SET_MAKE=''
SHELL='/bin/bash'
STRIP=''
VERSION='1.0'
ac_ct_CC='gcc'
ac_ct_CXX='g++'
am__EXEEXT_FALSE=''
am__EXEEXT_TRUE='#'
am__fastdepCC_FALSE='#'
am__fastdepCC_TRUE=''
am__fastdepCXX_FALSE='#'
am__fastdepCXX_TRUE=''
am__include='include'
am__isrc=''
am__leading_dot='.'
am__nodep='_no'
am__quote=''
am__tar='$${TAR-tar} chof - "$$tardir"'
am__untar='$${TAR-tar} xf -'
bindir='${exec_prefix}/bin'
build_alias=''
datadir='${datarootdir}'
datarootdir='${prefix}/share'
docdir='${datarootdir}/doc/${PACKAGE_TARNAME}'
dvidir='${docdir}'
exec_prefix='${prefix}'
host_alias=''
htmldir='${docdir}'
includedir='${prefix}/include'
infodir='${datarootdir}/info'
install_sh='${SHELL} /home/bdelolmo/Desktop/RivIndel2/SeqLib/install-sh'
libdir='${exec_prefix}/lib'
libexecdir='${exec_prefix}/libexec'
localedir='${datarootdir}/locale'
localstatedir='${prefix}/var'
mandir='${datarootdir}/man'
mkdir_p='$(MKDIR_P)'
oldincludedir='/usr/include'
pdfdir='${docdir}'
prefix='/usr/local'
program_transform_name='s,x,x,'
psdir='${docdir}'
sbindir='${exec_prefix}/sbin'
sharedstatedir='${prefix}/com'
sysconfdir='${prefix}/etc'
target_alias=''

## ----------- ##
## confdefs.h. ##
## ----------- ##

/* confdefs.h */
#define PACKAGE_NAME "seqkit"
#define PACKAGE_TARNAME "seqkit"
#define PACKAGE_VERSION "1.0"
#define PACKAGE_STRING "seqkit 1.0"
#define PACKAGE_BUGREPORT "jwala@broadinstitute.org"
#define PACKAGE_URL ""
#define PACKAGE "seqkit"
#define VERSION "1.0"
#define STDC_HEADERS 1
#define HAVE_SYS_TYPES_H 1
#define HAVE_SYS_STAT_H 1
#define HAVE_STDLIB_H 1
#define HAVE_STRING_H 1
#define HAVE_MEMORY_H 1
#define HAVE_STRINGS_H 1
#define HAVE_INTTYPES_H 1
#define HAVE_STDINT_H 1
#define HAVE_UNISTD_H 1
#define HAVE_CLOCK_GETTIME 1

configure: exit 0
