action: GLOB, msg: packaging
cwd: /home/bdelolmo/Escriptori/RivIndel
cmd: /usr/bin/python3 setup.py sdist --formats=zip --dist-dir .tox/dist
running sdist
running egg_info
writing RivIndel.egg-info/PKG-INFO
writing dependency_links to RivIndel.egg-info/dependency_links.txt
writing requirements to RivIndel.egg-info/requires.txt
writing top-level names to RivIndel.egg-info/top_level.txt
reading manifest file 'RivIndel.egg-info/SOURCES.txt'
reading manifest template 'MANIFEST.in'
adding license file 'LICENSE.txt'
writing manifest file 'RivIndel.egg-info/SOURCES.txt'
running check
creating RivIndel-0.0.1
creating RivIndel-0.0.1/.tox
creating RivIndel-0.0.1/.tox/flake8
creating RivIndel-0.0.1/.tox/flake8/lib
creating RivIndel-0.0.1/.tox/flake8/lib/python3.6
creating RivIndel-0.0.1/.tox/flake8/lib/python3.6/site-packages
creating RivIndel-0.0.1/.tox/flake8/lib/python3.6/site-packages/Cython
creating RivIndel-0.0.1/.tox/flake8/lib/python3.6/site-packages/Cython/Runtime
creating RivIndel-0.0.1/.tox/flake8/lib/python3.6/site-packages/Cython/Utility
creating RivIndel-0.0.1/.tox/python3.10
creating RivIndel-0.0.1/.tox/python3.10/lib
creating RivIndel-0.0.1/.tox/python3.10/lib/python3.6
creating RivIndel-0.0.1/.tox/python3.10/lib/python3.6/site-packages
creating RivIndel-0.0.1/.tox/python3.10/lib/python3.6/site-packages/Cython
creating RivIndel-0.0.1/.tox/python3.10/lib/python3.6/site-packages/Cython/Runtime
creating RivIndel-0.0.1/.tox/python3.10/lib/python3.6/site-packages/Cython/Utility
creating RivIndel-0.0.1/.tox/python3.6
creating RivIndel-0.0.1/.tox/python3.6/lib
creating RivIndel-0.0.1/.tox/python3.6/lib/python3.6
creating RivIndel-0.0.1/.tox/python3.6/lib/python3.6/site-packages
creating RivIndel-0.0.1/.tox/python3.6/lib/python3.6/site-packages/Cython
creating RivIndel-0.0.1/.tox/python3.6/lib/python3.6/site-packages/Cython/Runtime
creating RivIndel-0.0.1/.tox/python3.6/lib/python3.6/site-packages/Cython/Utility
creating RivIndel-0.0.1/.tox/python3.7
creating RivIndel-0.0.1/.tox/python3.7/lib
creating RivIndel-0.0.1/.tox/python3.7/lib/python3.6
creating RivIndel-0.0.1/.tox/python3.7/lib/python3.6/site-packages
creating RivIndel-0.0.1/.tox/python3.7/lib/python3.6/site-packages/Cython
creating RivIndel-0.0.1/.tox/python3.7/lib/python3.6/site-packages/Cython/Runtime
creating RivIndel-0.0.1/.tox/python3.7/lib/python3.6/site-packages/Cython/Utility
creating RivIndel-0.0.1/.tox/python3.8
creating RivIndel-0.0.1/.tox/python3.8/lib
creating RivIndel-0.0.1/.tox/python3.8/lib/python3.6
creating RivIndel-0.0.1/.tox/python3.8/lib/python3.6/site-packages
creating RivIndel-0.0.1/.tox/python3.8/lib/python3.6/site-packages/Cython
creating RivIndel-0.0.1/.tox/python3.8/lib/python3.6/site-packages/Cython/Runtime
creating RivIndel-0.0.1/.tox/python3.8/lib/python3.6/site-packages/Cython/Utility
creating RivIndel-0.0.1/.tox/python3.9
creating RivIndel-0.0.1/.tox/python3.9/lib
creating RivIndel-0.0.1/.tox/python3.9/lib/python3.6
creating RivIndel-0.0.1/.tox/python3.9/lib/python3.6/site-packages
creating RivIndel-0.0.1/.tox/python3.9/lib/python3.6/site-packages/Cython
creating RivIndel-0.0.1/.tox/python3.9/lib/python3.6/site-packages/Cython/Runtime
creating RivIndel-0.0.1/.tox/python3.9/lib/python3.6/site-packages/Cython/Utility
creating RivIndel-0.0.1/RivIndel.egg-info
creating RivIndel-0.0.1/img
creating RivIndel-0.0.1/src
creating RivIndel-0.0.1/test
copying files to RivIndel-0.0.1...
copying LICENSE.txt -> RivIndel-0.0.1
copying MANIFEST.in -> RivIndel-0.0.1
copying README.md -> RivIndel-0.0.1
copying pyproject.toml -> RivIndel-0.0.1
copying setup.py -> RivIndel-0.0.1
copying .tox/flake8/lib/python3.6/site-packages/Cython/Runtime/refnanny.pyx -> RivIndel-0.0.1/.tox/flake8/lib/python3.6/site-packages/Cython/Runtime
copying .tox/flake8/lib/python3.6/site-packages/Cython/Utility/CConvert.pyx -> RivIndel-0.0.1/.tox/flake8/lib/python3.6/site-packages/Cython/Utility
copying .tox/flake8/lib/python3.6/site-packages/Cython/Utility/CpdefEnums.pyx -> RivIndel-0.0.1/.tox/flake8/lib/python3.6/site-packages/Cython/Utility
copying .tox/flake8/lib/python3.6/site-packages/Cython/Utility/CppConvert.pyx -> RivIndel-0.0.1/.tox/flake8/lib/python3.6/site-packages/Cython/Utility
copying .tox/flake8/lib/python3.6/site-packages/Cython/Utility/MemoryView.pyx -> RivIndel-0.0.1/.tox/flake8/lib/python3.6/site-packages/Cython/Utility
copying .tox/flake8/lib/python3.6/site-packages/Cython/Utility/TestCyUtilityLoader.pyx -> RivIndel-0.0.1/.tox/flake8/lib/python3.6/site-packages/Cython/Utility
copying .tox/flake8/lib/python3.6/site-packages/Cython/Utility/TestCythonScope.pyx -> RivIndel-0.0.1/.tox/flake8/lib/python3.6/site-packages/Cython/Utility
copying .tox/python3.10/lib/python3.6/site-packages/Cython/Runtime/refnanny.pyx -> RivIndel-0.0.1/.tox/python3.10/lib/python3.6/site-packages/Cython/Runtime
copying .tox/python3.10/lib/python3.6/site-packages/Cython/Utility/CConvert.pyx -> RivIndel-0.0.1/.tox/python3.10/lib/python3.6/site-packages/Cython/Utility
copying .tox/python3.10/lib/python3.6/site-packages/Cython/Utility/CpdefEnums.pyx -> RivIndel-0.0.1/.tox/python3.10/lib/python3.6/site-packages/Cython/Utility
copying .tox/python3.10/lib/python3.6/site-packages/Cython/Utility/CppConvert.pyx -> RivIndel-0.0.1/.tox/python3.10/lib/python3.6/site-packages/Cython/Utility
copying .tox/python3.10/lib/python3.6/site-packages/Cython/Utility/MemoryView.pyx -> RivIndel-0.0.1/.tox/python3.10/lib/python3.6/site-packages/Cython/Utility
copying .tox/python3.10/lib/python3.6/site-packages/Cython/Utility/TestCyUtilityLoader.pyx -> RivIndel-0.0.1/.tox/python3.10/lib/python3.6/site-packages/Cython/Utility
copying .tox/python3.10/lib/python3.6/site-packages/Cython/Utility/TestCythonScope.pyx -> RivIndel-0.0.1/.tox/python3.10/lib/python3.6/site-packages/Cython/Utility
copying .tox/python3.6/lib/python3.6/site-packages/Cython/Runtime/refnanny.pyx -> RivIndel-0.0.1/.tox/python3.6/lib/python3.6/site-packages/Cython/Runtime
copying .tox/python3.6/lib/python3.6/site-packages/Cython/Utility/CConvert.pyx -> RivIndel-0.0.1/.tox/python3.6/lib/python3.6/site-packages/Cython/Utility
copying .tox/python3.6/lib/python3.6/site-packages/Cython/Utility/CpdefEnums.pyx -> RivIndel-0.0.1/.tox/python3.6/lib/python3.6/site-packages/Cython/Utility
copying .tox/python3.6/lib/python3.6/site-packages/Cython/Utility/CppConvert.pyx -> RivIndel-0.0.1/.tox/python3.6/lib/python3.6/site-packages/Cython/Utility
copying .tox/python3.6/lib/python3.6/site-packages/Cython/Utility/MemoryView.pyx -> RivIndel-0.0.1/.tox/python3.6/lib/python3.6/site-packages/Cython/Utility
copying .tox/python3.6/lib/python3.6/site-packages/Cython/Utility/TestCyUtilityLoader.pyx -> RivIndel-0.0.1/.tox/python3.6/lib/python3.6/site-packages/Cython/Utility
copying .tox/python3.6/lib/python3.6/site-packages/Cython/Utility/TestCythonScope.pyx -> RivIndel-0.0.1/.tox/python3.6/lib/python3.6/site-packages/Cython/Utility
copying .tox/python3.7/lib/python3.6/site-packages/Cython/Runtime/refnanny.pyx -> RivIndel-0.0.1/.tox/python3.7/lib/python3.6/site-packages/Cython/Runtime
copying .tox/python3.7/lib/python3.6/site-packages/Cython/Utility/CConvert.pyx -> RivIndel-0.0.1/.tox/python3.7/lib/python3.6/site-packages/Cython/Utility
copying .tox/python3.7/lib/python3.6/site-packages/Cython/Utility/CpdefEnums.pyx -> RivIndel-0.0.1/.tox/python3.7/lib/python3.6/site-packages/Cython/Utility
copying .tox/python3.7/lib/python3.6/site-packages/Cython/Utility/CppConvert.pyx -> RivIndel-0.0.1/.tox/python3.7/lib/python3.6/site-packages/Cython/Utility
copying .tox/python3.7/lib/python3.6/site-packages/Cython/Utility/MemoryView.pyx -> RivIndel-0.0.1/.tox/python3.7/lib/python3.6/site-packages/Cython/Utility
copying .tox/python3.7/lib/python3.6/site-packages/Cython/Utility/TestCyUtilityLoader.pyx -> RivIndel-0.0.1/.tox/python3.7/lib/python3.6/site-packages/Cython/Utility
copying .tox/python3.7/lib/python3.6/site-packages/Cython/Utility/TestCythonScope.pyx -> RivIndel-0.0.1/.tox/python3.7/lib/python3.6/site-packages/Cython/Utility
copying .tox/python3.8/lib/python3.6/site-packages/Cython/Runtime/refnanny.pyx -> RivIndel-0.0.1/.tox/python3.8/lib/python3.6/site-packages/Cython/Runtime
copying .tox/python3.8/lib/python3.6/site-packages/Cython/Utility/CConvert.pyx -> RivIndel-0.0.1/.tox/python3.8/lib/python3.6/site-packages/Cython/Utility
copying .tox/python3.8/lib/python3.6/site-packages/Cython/Utility/CpdefEnums.pyx -> RivIndel-0.0.1/.tox/python3.8/lib/python3.6/site-packages/Cython/Utility
copying .tox/python3.8/lib/python3.6/site-packages/Cython/Utility/CppConvert.pyx -> RivIndel-0.0.1/.tox/python3.8/lib/python3.6/site-packages/Cython/Utility
copying .tox/python3.8/lib/python3.6/site-packages/Cython/Utility/MemoryView.pyx -> RivIndel-0.0.1/.tox/python3.8/lib/python3.6/site-packages/Cython/Utility
copying .tox/python3.8/lib/python3.6/site-packages/Cython/Utility/TestCyUtilityLoader.pyx -> RivIndel-0.0.1/.tox/python3.8/lib/python3.6/site-packages/Cython/Utility
copying .tox/python3.8/lib/python3.6/site-packages/Cython/Utility/TestCythonScope.pyx -> RivIndel-0.0.1/.tox/python3.8/lib/python3.6/site-packages/Cython/Utility
copying .tox/python3.9/lib/python3.6/site-packages/Cython/Runtime/refnanny.pyx -> RivIndel-0.0.1/.tox/python3.9/lib/python3.6/site-packages/Cython/Runtime
copying .tox/python3.9/lib/python3.6/site-packages/Cython/Utility/CConvert.pyx -> RivIndel-0.0.1/.tox/python3.9/lib/python3.6/site-packages/Cython/Utility
copying .tox/python3.9/lib/python3.6/site-packages/Cython/Utility/CpdefEnums.pyx -> RivIndel-0.0.1/.tox/python3.9/lib/python3.6/site-packages/Cython/Utility
copying .tox/python3.9/lib/python3.6/site-packages/Cython/Utility/CppConvert.pyx -> RivIndel-0.0.1/.tox/python3.9/lib/python3.6/site-packages/Cython/Utility
copying .tox/python3.9/lib/python3.6/site-packages/Cython/Utility/MemoryView.pyx -> RivIndel-0.0.1/.tox/python3.9/lib/python3.6/site-packages/Cython/Utility
copying .tox/python3.9/lib/python3.6/site-packages/Cython/Utility/TestCyUtilityLoader.pyx -> RivIndel-0.0.1/.tox/python3.9/lib/python3.6/site-packages/Cython/Utility
copying .tox/python3.9/lib/python3.6/site-packages/Cython/Utility/TestCythonScope.pyx -> RivIndel-0.0.1/.tox/python3.9/lib/python3.6/site-packages/Cython/Utility
copying RivIndel.egg-info/PKG-INFO -> RivIndel-0.0.1/RivIndel.egg-info
copying RivIndel.egg-info/SOURCES.txt -> RivIndel-0.0.1/RivIndel.egg-info
copying RivIndel.egg-info/dependency_links.txt -> RivIndel-0.0.1/RivIndel.egg-info
copying RivIndel.egg-info/requires.txt -> RivIndel-0.0.1/RivIndel.egg-info
copying RivIndel.egg-info/top_level.txt -> RivIndel-0.0.1/RivIndel.egg-info
copying img/rivindel_schema2.png -> RivIndel-0.0.1/img
copying src/assembler.c -> RivIndel-0.0.1/src
copying src/assembler.pyx -> RivIndel-0.0.1/src
copying test/test_rivindel.py -> RivIndel-0.0.1/test
Writing RivIndel-0.0.1/setup.cfg
creating '.tox/dist/RivIndel-0.0.1.zip' and adding 'RivIndel-0.0.1' to it
adding 'RivIndel-0.0.1'
adding 'RivIndel-0.0.1/test'
adding 'RivIndel-0.0.1/img'
adding 'RivIndel-0.0.1/src'
adding 'RivIndel-0.0.1/.tox'
adding 'RivIndel-0.0.1/RivIndel.egg-info'
adding 'RivIndel-0.0.1/MANIFEST.in'
adding 'RivIndel-0.0.1/PKG-INFO'
adding 'RivIndel-0.0.1/LICENSE.txt'
adding 'RivIndel-0.0.1/setup.cfg'
adding 'RivIndel-0.0.1/pyproject.toml'
adding 'RivIndel-0.0.1/README.md'
adding 'RivIndel-0.0.1/setup.py'
adding 'RivIndel-0.0.1/test/test_rivindel.py'
adding 'RivIndel-0.0.1/img/rivindel_schema2.png'
adding 'RivIndel-0.0.1/src/assembler.pyx'
adding 'RivIndel-0.0.1/src/assembler.c'
adding 'RivIndel-0.0.1/.tox/python3.10'
adding 'RivIndel-0.0.1/.tox/flake8'
adding 'RivIndel-0.0.1/.tox/python3.6'
adding 'RivIndel-0.0.1/.tox/python3.8'
adding 'RivIndel-0.0.1/.tox/python3.9'
adding 'RivIndel-0.0.1/.tox/python3.7'
adding 'RivIndel-0.0.1/.tox/python3.10/lib'
adding 'RivIndel-0.0.1/.tox/python3.10/lib/python3.6'
adding 'RivIndel-0.0.1/.tox/python3.10/lib/python3.6/site-packages'
adding 'RivIndel-0.0.1/.tox/python3.10/lib/python3.6/site-packages/Cython'
adding 'RivIndel-0.0.1/.tox/python3.10/lib/python3.6/site-packages/Cython/Utility'
adding 'RivIndel-0.0.1/.tox/python3.10/lib/python3.6/site-packages/Cython/Runtime'
adding 'RivIndel-0.0.1/.tox/python3.10/lib/python3.6/site-packages/Cython/Utility/TestCyUtilityLoader.pyx'
adding 'RivIndel-0.0.1/.tox/python3.10/lib/python3.6/site-packages/Cython/Utility/TestCythonScope.pyx'
adding 'RivIndel-0.0.1/.tox/python3.10/lib/python3.6/site-packages/Cython/Utility/CConvert.pyx'
adding 'RivIndel-0.0.1/.tox/python3.10/lib/python3.6/site-packages/Cython/Utility/CpdefEnums.pyx'
adding 'RivIndel-0.0.1/.tox/python3.10/lib/python3.6/site-packages/Cython/Utility/CppConvert.pyx'
adding 'RivIndel-0.0.1/.tox/python3.10/lib/python3.6/site-packages/Cython/Utility/MemoryView.pyx'
adding 'RivIndel-0.0.1/.tox/python3.10/lib/python3.6/site-packages/Cython/Runtime/refnanny.pyx'
adding 'RivIndel-0.0.1/.tox/flake8/lib'
adding 'RivIndel-0.0.1/.tox/flake8/lib/python3.6'
adding 'RivIndel-0.0.1/.tox/flake8/lib/python3.6/site-packages'
adding 'RivIndel-0.0.1/.tox/flake8/lib/python3.6/site-packages/Cython'
adding 'RivIndel-0.0.1/.tox/flake8/lib/python3.6/site-packages/Cython/Utility'
adding 'RivIndel-0.0.1/.tox/flake8/lib/python3.6/site-packages/Cython/Runtime'
adding 'RivIndel-0.0.1/.tox/flake8/lib/python3.6/site-packages/Cython/Utility/TestCyUtilityLoader.pyx'
adding 'RivIndel-0.0.1/.tox/flake8/lib/python3.6/site-packages/Cython/Utility/TestCythonScope.pyx'
adding 'RivIndel-0.0.1/.tox/flake8/lib/python3.6/site-packages/Cython/Utility/CConvert.pyx'
adding 'RivIndel-0.0.1/.tox/flake8/lib/python3.6/site-packages/Cython/Utility/CpdefEnums.pyx'
adding 'RivIndel-0.0.1/.tox/flake8/lib/python3.6/site-packages/Cython/Utility/CppConvert.pyx'
adding 'RivIndel-0.0.1/.tox/flake8/lib/python3.6/site-packages/Cython/Utility/MemoryView.pyx'
adding 'RivIndel-0.0.1/.tox/flake8/lib/python3.6/site-packages/Cython/Runtime/refnanny.pyx'
adding 'RivIndel-0.0.1/.tox/python3.6/lib'
adding 'RivIndel-0.0.1/.tox/python3.6/lib/python3.6'
adding 'RivIndel-0.0.1/.tox/python3.6/lib/python3.6/site-packages'
adding 'RivIndel-0.0.1/.tox/python3.6/lib/python3.6/site-packages/Cython'
adding 'RivIndel-0.0.1/.tox/python3.6/lib/python3.6/site-packages/Cython/Utility'
adding 'RivIndel-0.0.1/.tox/python3.6/lib/python3.6/site-packages/Cython/Runtime'
adding 'RivIndel-0.0.1/.tox/python3.6/lib/python3.6/site-packages/Cython/Utility/TestCyUtilityLoader.pyx'
adding 'RivIndel-0.0.1/.tox/python3.6/lib/python3.6/site-packages/Cython/Utility/TestCythonScope.pyx'
adding 'RivIndel-0.0.1/.tox/python3.6/lib/python3.6/site-packages/Cython/Utility/CConvert.pyx'
adding 'RivIndel-0.0.1/.tox/python3.6/lib/python3.6/site-packages/Cython/Utility/CpdefEnums.pyx'
adding 'RivIndel-0.0.1/.tox/python3.6/lib/python3.6/site-packages/Cython/Utility/CppConvert.pyx'
adding 'RivIndel-0.0.1/.tox/python3.6/lib/python3.6/site-packages/Cython/Utility/MemoryView.pyx'
adding 'RivIndel-0.0.1/.tox/python3.6/lib/python3.6/site-packages/Cython/Runtime/refnanny.pyx'
adding 'RivIndel-0.0.1/.tox/python3.8/lib'
adding 'RivIndel-0.0.1/.tox/python3.8/lib/python3.6'
adding 'RivIndel-0.0.1/.tox/python3.8/lib/python3.6/site-packages'
adding 'RivIndel-0.0.1/.tox/python3.8/lib/python3.6/site-packages/Cython'
adding 'RivIndel-0.0.1/.tox/python3.8/lib/python3.6/site-packages/Cython/Utility'
adding 'RivIndel-0.0.1/.tox/python3.8/lib/python3.6/site-packages/Cython/Runtime'
adding 'RivIndel-0.0.1/.tox/python3.8/lib/python3.6/site-packages/Cython/Utility/TestCyUtilityLoader.pyx'
adding 'RivIndel-0.0.1/.tox/python3.8/lib/python3.6/site-packages/Cython/Utility/TestCythonScope.pyx'
adding 'RivIndel-0.0.1/.tox/python3.8/lib/python3.6/site-packages/Cython/Utility/CConvert.pyx'
adding 'RivIndel-0.0.1/.tox/python3.8/lib/python3.6/site-packages/Cython/Utility/CpdefEnums.pyx'
adding 'RivIndel-0.0.1/.tox/python3.8/lib/python3.6/site-packages/Cython/Utility/CppConvert.pyx'
adding 'RivIndel-0.0.1/.tox/python3.8/lib/python3.6/site-packages/Cython/Utility/MemoryView.pyx'
adding 'RivIndel-0.0.1/.tox/python3.8/lib/python3.6/site-packages/Cython/Runtime/refnanny.pyx'
adding 'RivIndel-0.0.1/.tox/python3.9/lib'
adding 'RivIndel-0.0.1/.tox/python3.9/lib/python3.6'
adding 'RivIndel-0.0.1/.tox/python3.9/lib/python3.6/site-packages'
adding 'RivIndel-0.0.1/.tox/python3.9/lib/python3.6/site-packages/Cython'
adding 'RivIndel-0.0.1/.tox/python3.9/lib/python3.6/site-packages/Cython/Utility'
adding 'RivIndel-0.0.1/.tox/python3.9/lib/python3.6/site-packages/Cython/Runtime'
adding 'RivIndel-0.0.1/.tox/python3.9/lib/python3.6/site-packages/Cython/Utility/TestCyUtilityLoader.pyx'
adding 'RivIndel-0.0.1/.tox/python3.9/lib/python3.6/site-packages/Cython/Utility/TestCythonScope.pyx'
adding 'RivIndel-0.0.1/.tox/python3.9/lib/python3.6/site-packages/Cython/Utility/CConvert.pyx'
adding 'RivIndel-0.0.1/.tox/python3.9/lib/python3.6/site-packages/Cython/Utility/CpdefEnums.pyx'
adding 'RivIndel-0.0.1/.tox/python3.9/lib/python3.6/site-packages/Cython/Utility/CppConvert.pyx'
adding 'RivIndel-0.0.1/.tox/python3.9/lib/python3.6/site-packages/Cython/Utility/MemoryView.pyx'
adding 'RivIndel-0.0.1/.tox/python3.9/lib/python3.6/site-packages/Cython/Runtime/refnanny.pyx'
adding 'RivIndel-0.0.1/.tox/python3.7/lib'
adding 'RivIndel-0.0.1/.tox/python3.7/lib/python3.6'
adding 'RivIndel-0.0.1/.tox/python3.7/lib/python3.6/site-packages'
adding 'RivIndel-0.0.1/.tox/python3.7/lib/python3.6/site-packages/Cython'
adding 'RivIndel-0.0.1/.tox/python3.7/lib/python3.6/site-packages/Cython/Utility'
adding 'RivIndel-0.0.1/.tox/python3.7/lib/python3.6/site-packages/Cython/Runtime'
adding 'RivIndel-0.0.1/.tox/python3.7/lib/python3.6/site-packages/Cython/Utility/TestCyUtilityLoader.pyx'
adding 'RivIndel-0.0.1/.tox/python3.7/lib/python3.6/site-packages/Cython/Utility/TestCythonScope.pyx'
adding 'RivIndel-0.0.1/.tox/python3.7/lib/python3.6/site-packages/Cython/Utility/CConvert.pyx'
adding 'RivIndel-0.0.1/.tox/python3.7/lib/python3.6/site-packages/Cython/Utility/CpdefEnums.pyx'
adding 'RivIndel-0.0.1/.tox/python3.7/lib/python3.6/site-packages/Cython/Utility/CppConvert.pyx'
adding 'RivIndel-0.0.1/.tox/python3.7/lib/python3.6/site-packages/Cython/Utility/MemoryView.pyx'
adding 'RivIndel-0.0.1/.tox/python3.7/lib/python3.6/site-packages/Cython/Runtime/refnanny.pyx'
adding 'RivIndel-0.0.1/RivIndel.egg-info/dependency_links.txt'
adding 'RivIndel-0.0.1/RivIndel.egg-info/SOURCES.txt'
adding 'RivIndel-0.0.1/RivIndel.egg-info/PKG-INFO'
adding 'RivIndel-0.0.1/RivIndel.egg-info/top_level.txt'
adding 'RivIndel-0.0.1/RivIndel.egg-info/requires.txt'
removing 'RivIndel-0.0.1' (and everything under it)
/usr/lib/python3.6/distutils/dist.py:261: UserWarning: Unknown distribution option: 'spython_requires'
  warnings.warn(msg)
